<?xml version="1.0" encoding="UTF-8"?>
<!-- Generated by org.testng.reporters.JUnitXMLReporter -->
<testsuite ignored="0" hostname="LAPTOP-2C3CKVD9" failures="0" tests="4" name="Default test" time="0.953" errors="0" timestamp="2024-11-14T23:03:37 EST">
  <testcase classname="excelNdp.Integration1" name="testCase" time="0.007"/>
  <testcase classname="excelNdp.Integration1" name="testCase" time="0.006"/>
  <testcase classname="excelNdp.Integration1" name="testCase" time="0.003"/>
  <testcase classname="excelNdp.Integration1" name="testCase" time="0.003"/>
</testsuite> <!-- Default test -->
