<?xml version="1.0" encoding="UTF-8"?>
<testng-results ignored="0" total="4" passed="4" failed="0" skipped="0">
  <reporter-output>
  </reporter-output>
  <suite started-at="2024-11-14T23:03:36 EST" name="Default suite" finished-at="2024-11-14T23:03:37 EST" duration-ms="953">
    <groups>
    </groups>
    <test started-at="2024-11-14T23:03:36 EST" name="Default test" finished-at="2024-11-14T23:03:37 EST" duration-ms="953">
      <class name="excelNdp.Integration1">
        <test-method signature="testCase(java.lang.String,java.lang.String,java.lang.String,java.lang.String)[pri:0, instance:excelNdp.Integration1@7803bfd]" started-at="2024-11-14T23:03:37 EST" name="testCase" data-provider="getData" finished-at="2024-11-14T23:03:37 EST" duration-ms="7" status="PASS">
          <params>
            <param index="0">
              <value>
                <![CDATA[Login]]>
              </value>
            </param>
            <param index="1">
              <value>
                <![CDATA[aaa]]>
              </value>
            </param>
            <param index="2">
              <value>
                <![CDATA[bbb]]>
              </value>
            </param>
            <param index="3">
              <value>
                <![CDATA[ccc]]>
              </value>
            </param>
          </params>
          <reporter-output>
          </reporter-output>
        </test-method> <!-- testCase -->
        <test-method signature="testCase(java.lang.String,java.lang.String,java.lang.String,java.lang.String)[pri:0, instance:excelNdp.Integration1@7803bfd]" started-at="2024-11-14T23:03:37 EST" name="testCase" data-provider="getData" finished-at="2024-11-14T23:03:37 EST" duration-ms="6" status="PASS">
          <params>
            <param index="0">
              <value>
                <![CDATA[Purchase]]>
              </value>
            </param>
            <param index="1">
              <value>
                <![CDATA[uuu]]>
              </value>
            </param>
            <param index="2">
              <value>
                <![CDATA[iii]]>
              </value>
            </param>
            <param index="3">
              <value>
                <![CDATA[ooo]]>
              </value>
            </param>
          </params>
          <reporter-output>
          </reporter-output>
        </test-method> <!-- testCase -->
        <test-method signature="testCase(java.lang.String,java.lang.String,java.lang.String,java.lang.String)[pri:0, instance:excelNdp.Integration1@7803bfd]" started-at="2024-11-14T23:03:37 EST" name="testCase" data-provider="getData" finished-at="2024-11-14T23:03:37 EST" duration-ms="3" status="PASS">
          <params>
            <param index="0">
              <value>
                <![CDATA[Add Profile]]>
              </value>
            </param>
            <param index="1">
              <value>
                <![CDATA[qqq]]>
              </value>
            </param>
            <param index="2">
              <value>
                <![CDATA[111]]>
              </value>
            </param>
            <param index="3">
              <value>
                <![CDATA[rrr]]>
              </value>
            </param>
          </params>
          <reporter-output>
          </reporter-output>
        </test-method> <!-- testCase -->
        <test-method signature="testCase(java.lang.String,java.lang.String,java.lang.String,java.lang.String)[pri:0, instance:excelNdp.Integration1@7803bfd]" started-at="2024-11-14T23:03:37 EST" name="testCase" data-provider="getData" finished-at="2024-11-14T23:03:37 EST" duration-ms="3" status="PASS">
          <params>
            <param index="0">
              <value>
                <![CDATA[Delete Profile]]>
              </value>
            </param>
            <param index="1">
              <value>
                <![CDATA[fff]]>
              </value>
            </param>
            <param index="2">
              <value>
                <![CDATA[ggg]]>
              </value>
            </param>
            <param index="3">
              <value>
                <![CDATA[hhh]]>
              </value>
            </param>
          </params>
          <reporter-output>
          </reporter-output>
        </test-method> <!-- testCase -->
      </class> <!-- excelNdp.Integration1 -->
    </test> <!-- Default test -->
  </suite> <!-- Default suite -->
</testng-results>
